The following modules were not unloaded:
  (Use "module --force purge" to unload all):

  1) CCconfig         4) imkl/2020.1.217    7) libfabric/1.10.1
  2) gentoo/2020      5) intel/2020.1.217   8) openmpi/4.0.3
  3) gcccore/.9.3.0   6) ucx/1.8.0          9) StdEnv/2020

Lmod is automatically replacing "intel/2020.1.217" with "gcc/9.3.0".


Due to MODULEPATH changes, the following have been reloaded:
  1) openmpi/4.0.3

[mov,mp4,m4a,3gp,3g2,mj2 @ 0x5a1fc60] moov atom not found
[ WARN:0@3023.635] global cap_gstreamer.cpp:1697 open OpenCV | GStreamer warning: unable to query duration of stream

(python:13870): GStreamer-CRITICAL **: 12:03:59.339: gst_caps_get_structure: assertion 'GST_IS_CAPS (caps)' failed

(python:13870): GStreamer-CRITICAL **: 12:03:59.339: gst_structure_get_int: assertion 'structure != NULL' failed
[ WARN:0@3023.635] global cap_gstreamer.cpp:1707 open OpenCV | GStreamer warning: cannot query video width/height

(python:13870): GStreamer-CRITICAL **: 12:03:59.340: gst_structure_get_fraction: assertion 'structure != NULL' failed
[ WARN:0@3023.635] global cap_gstreamer.cpp:1713 open OpenCV | GStreamer warning: cannot query video fps
[ WARN:0@3023.635] global cap_gstreamer.cpp:1728 open OpenCV | GStreamer warning: Cannot query video position: status=0, value=-1, duration=-1

(python:13870): GStreamer-CRITICAL **: 12:05:04.380: gst_sample_get_caps: assertion 'GST_IS_SAMPLE (sample)' failed
[ERROR:0@3088.676] global cap_gstreamer.cpp:925 retrieveVideoFrame GStreamer: gst_sample_get_caps() returns NULL
Traceback (most recent call last):
  File "extract_clip.py", line 53, in <module>
    main(sys.argv)
  File "extract_clip.py", line 50, in main
    extract_vid_features(data_path)
  File "extract_clip.py", line 43, in extract_vid_features
    video_feature = torch.stack(image_features, dim=0).squeeze(1)
RuntimeError: stack expects a non-empty TensorList
