The following modules were not unloaded:
  (Use "module --force purge" to unload all):

  1) CCconfig         4) imkl/2020.1.217    7) libfabric/1.10.1
  2) gentoo/2020      5) intel/2020.1.217   8) openmpi/4.0.3
  3) gcccore/.9.3.0   6) ucx/1.8.0          9) StdEnv/2020

Lmod is automatically replacing "intel/2020.1.217" with "gcc/9.3.0".


Due to MODULEPATH changes, the following have been reloaded:
  1) openmpi/4.0.3

[mov,mp4,m4a,3gp,3g2,mj2 @ 0x62d6f60] moov atom not found
[ WARN:0@3107.239] global cap_gstreamer.cpp:1697 open OpenCV | GStreamer warning: unable to query duration of stream

(python:22488): GStreamer-CRITICAL **: 19:06:30.149: gst_caps_get_structure: assertion 'GST_IS_CAPS (caps)' failed

(python:22488): GStreamer-CRITICAL **: 19:06:30.149: gst_structure_get_int: assertion 'structure != NULL' failed
[ WARN:0@3107.240] global cap_gstreamer.cpp:1707 open OpenCV | GStreamer warning: cannot query video width/height

(python:22488): GStreamer-CRITICAL **: 19:06:30.150: gst_structure_get_fraction: assertion 'structure != NULL' failed
[ WARN:0@3107.240] global cap_gstreamer.cpp:1713 open OpenCV | GStreamer warning: cannot query video fps
[ WARN:0@3107.240] global cap_gstreamer.cpp:1728 open OpenCV | GStreamer warning: Cannot query video position: status=0, value=-1, duration=-1
[ WARN:0@3375.933] global cap_gstreamer.cpp:1697 open OpenCV | GStreamer warning: unable to query duration of stream
[ WARN:0@3375.933] global cap_gstreamer.cpp:1728 open OpenCV | GStreamer warning: Cannot query video position: status=1, value=0, duration=-1
[ WARN:0@3439.518] global cap_gstreamer.cpp:1697 open OpenCV | GStreamer warning: unable to query duration of stream
[ WARN:0@3439.519] global cap_gstreamer.cpp:1728 open OpenCV | GStreamer warning: Cannot query video position: status=1, value=0, duration=-1
[ WARN:0@3806.626] global cap_gstreamer.cpp:1697 open OpenCV | GStreamer warning: unable to query duration of stream
[ WARN:0@3806.626] global cap_gstreamer.cpp:1728 open OpenCV | GStreamer warning: Cannot query video position: status=1, value=0, duration=-1
[ WARN:0@6692.200] global cap_gstreamer.cpp:1697 open OpenCV | GStreamer warning: unable to query duration of stream
[ WARN:0@6692.212] global cap_gstreamer.cpp:1728 open OpenCV | GStreamer warning: Cannot query video position: status=1, value=0, duration=-1
[ WARN:0@7618.922] global cap_gstreamer.cpp:1697 open OpenCV | GStreamer warning: unable to query duration of stream
[ WARN:0@7618.922] global cap_gstreamer.cpp:1728 open OpenCV | GStreamer warning: Cannot query video position: status=1, value=0, duration=-1
[ WARN:0@8962.054] global cap_gstreamer.cpp:1697 open OpenCV | GStreamer warning: unable to query duration of stream
[ WARN:0@8962.054] global cap_gstreamer.cpp:1728 open OpenCV | GStreamer warning: Cannot query video position: status=1, value=0, duration=-1
[ WARN:0@9008.701] global cap_gstreamer.cpp:1697 open OpenCV | GStreamer warning: unable to query duration of stream
[ WARN:0@9008.701] global cap_gstreamer.cpp:1728 open OpenCV | GStreamer warning: Cannot query video position: status=1, value=0, duration=-1
[ WARN:0@9468.378] global cap_gstreamer.cpp:1697 open OpenCV | GStreamer warning: unable to query duration of stream
[ WARN:0@9468.378] global cap_gstreamer.cpp:1728 open OpenCV | GStreamer warning: Cannot query video position: status=1, value=0, duration=-1
[ WARN:0@9521.573] global cap_gstreamer.cpp:1697 open OpenCV | GStreamer warning: unable to query duration of stream
[ WARN:0@9521.573] global cap_gstreamer.cpp:1728 open OpenCV | GStreamer warning: Cannot query video position: status=1, value=0, duration=-1
[ WARN:0@9840.758] global cap_gstreamer.cpp:1697 open OpenCV | GStreamer warning: unable to query duration of stream
[ WARN:0@9840.758] global cap_gstreamer.cpp:1728 open OpenCV | GStreamer warning: Cannot query video position: status=1, value=0, duration=-1

(python:22488): GStreamer-CRITICAL **: 21:43:52.880: gst_element_make_from_uri: assertion 'gst_uri_is_valid (uri)' failed
[ WARN:0@12549.972] global cap_gstreamer.cpp:1426 open OpenCV | GStreamer warning: Error opening bin: no source element for URI "/scratch/jenas/BTP/Causal-VidQA/data/orig_data/dataset/-NMnw-LqAJE_000000_000010/-NMnw-LqAJE_000000_000010.mp4"
[ WARN:0@12549.972] global cap_gstreamer.cpp:1164 isPipelinePlaying OpenCV | GStreamer warning: GStreamer: pipeline have not been created
