The following modules were not unloaded:
  (Use "module --force purge" to unload all):

  1) CCconfig         4) imkl/2020.1.217    7) libfabric/1.10.1
  2) gentoo/2020      5) intel/2020.1.217   8) openmpi/4.0.3
  3) gcccore/.9.3.0   6) ucx/1.8.0          9) StdEnv/2020

Lmod is automatically replacing "intel/2020.1.217" with "gcc/9.3.0".


Due to MODULEPATH changes, the following have been reloaded:
  1) openmpi/4.0.3


The following have been reloaded with a version change:
  1) python/3.8.10 => python/3.10.2

WARNING:torch.distributed.run:
*****************************************
Setting OMP_NUM_THREADS environment variable for each process to be 1 in default, to avoid your system being overloaded, please further tune the variable for optimal performance in your application as needed. 
*****************************************
Traceback (most recent call last):
  File "train.py", line 154, in <module>
Traceback (most recent call last):
  File "train.py", line 154, in <module>
    main(args)
  File "train.py", line 92, in main
    model = LLaMA_VQA(args)
  File "/scratch/jenas/BTP/Flipped-VQA/llama_vqa.py", line 19, in LLaMA_VQA
    loaded.append(torch.load(x, map_location="cpu"))
  File "/home/jenas/envs/flipvqa/lib/python3.8/site-packages/torch/serialization.py", line 607, in load
    return _load(opened_zipfile, map_location, pickle_module, **pickle_load_args)
  File "/home/jenas/envs/flipvqa/lib/python3.8/site-packages/torch/serialization.py", line 882, in _load
    result = unpickler.load()
  File "/home/jenas/envs/flipvqa/lib/python3.8/site-packages/torch/serialization.py", line 857, in persistent_load
    load_tensor(data_type, size, key, _maybe_decode_ascii(location))
  File "/home/jenas/envs/flipvqa/lib/python3.8/site-packages/torch/serialization.py", line 845, in load_tensor
    storage = zip_file.get_storage_from_record(name, size, dtype).storage()
OSError: [Errno 14] Bad address
WARNING:torch.distributed.elastic.multiprocessing.api:Sending process 7592 closing signal SIGTERM
ERROR:torch.distributed.elastic.multiprocessing.api:failed (exitcode: -9) local_rank: 1 (pid: 7593) of binary: /home/jenas/envs/flipvqa/bin/python
Traceback (most recent call last):
  File "/home/jenas/envs/flipvqa/bin/torchrun", line 8, in <module>
    sys.exit(main())
  File "/home/jenas/envs/flipvqa/lib/python3.8/site-packages/torch/distributed/elastic/multiprocessing/errors/__init__.py", line 345, in wrapper
    return f(*args, **kwargs)
  File "/home/jenas/envs/flipvqa/lib/python3.8/site-packages/torch/distributed/run.py", line 719, in main
    run(args)
  File "/home/jenas/envs/flipvqa/lib/python3.8/site-packages/torch/distributed/run.py", line 710, in run
    elastic_launch(
  File "/home/jenas/envs/flipvqa/lib/python3.8/site-packages/torch/distributed/launcher/api.py", line 131, in __call__
    return launch_agent(self._config, self._entrypoint, list(args))
  File "/home/jenas/envs/flipvqa/lib/python3.8/site-packages/torch/distributed/launcher/api.py", line 259, in launch_agent
    raise ChildFailedError(
torch.distributed.elastic.multiprocessing.errors.ChildFailedError: 
=====================================================
train.py FAILED
-----------------------------------------------------
Failures:
  <NO_OTHER_FAILURES>
-----------------------------------------------------
Root Cause (first observed failure):
[0]:
  time      : 2023-12-03_21:51:01
  host      : cdr2581.int.cedar.computecanada.ca
  rank      : 1 (local_rank: 1)
  exitcode  : -9 (pid: 7593)
  error_file: <N/A>
  traceback : Signal 9 (SIGKILL) received by PID 7593
=====================================================
slurmstepd: error: Detected 140 oom_kill events in StepId=19799688.batch. Some of the step tasks have been OOM Killed.
